<?xml version="1.0" encoding="UTF-8"?>
<!-- Generated by org.testng.reporters.JUnitReportReporter -->
<testsuite hostname="LAPTOP-T0DND7TF" failures="0" tests="1" name="first_testng.Data_Driven" time="1.549" errors="0" timestamp="16 Feb 2024 11:28:49 GMT">
  <testcase classname="first_testng.Data_Driven" name="loginData" time="1.549"/>
</testsuite> <!-- first_testng.Data_Driven -->
