<?xml version="1.0" encoding="UTF-8"?>
<!-- Generated by org.testng.reporters.JUnitReportReporter -->
<testsuite hostname="LAPTOP-T0DND7TF" failures="0" tests="2" name="testng_features.ToolsQa" time="34.446" errors="0" timestamp="14 Feb 2024 07:51:55 GMT">
  <testcase classname="testng_features.ToolsQa" name="button" time="13.512"/>
  <testcase classname="testng_features.ToolsQa" name="text_Box" time="20.934"/>
</testsuite> <!-- testng_features.ToolsQa -->
