<?xml version="1.0" encoding="UTF-8"?>
<!-- Generated by org.testng.reporters.JUnitReportReporter -->
<testsuite hostname="LAPTOP-T0DND7TF" failures="0" tests="5" name="extent_report.extent" time="26.669" errors="0" timestamp="21 Feb 2024 17:53:56 GMT">
  <testcase classname="extent_report.extent" name="checkbox_test2" time="6.750"/>
  <testcase classname="extent_report.extent" name="checkbox_test" time="3.534"/>
  <testcase classname="extent_report.extent" name="checkboxTest" time="7.214"/>
  <testcase classname="extent_report.extent" name="radio_button_test" time="4.457"/>
  <testcase classname="extent_report.extent" name="textbox_test" time="4.714"/>
</testsuite> <!-- extent_report.extent -->
