<?xml version="1.0" encoding="UTF-8"?>
<!-- Generated by org.testng.reporters.JUnitReportReporter -->
<testsuite hostname="LAPTOP-T0DND7TF" failures="0" tests="1" name="testng_features.switchwindowtest" time="3.860" errors="0" timestamp="18 Feb 2024 11:02:52 GMT">
  <testcase classname="testng_features.switchwindowtest" name="switchtest" time="3.860"/>
</testsuite> <!-- testng_features.switchwindowtest -->
