<?xml version="1.0" encoding="UTF-8"?>
<!-- Generated by org.testng.reporters.JUnitReportReporter -->
<testsuite hostname="LAPTOP-T0DND7TF" failures="0" tests="9" name="data_driven_testing.HerokuTesting_Dynamic_data" time="1.863" errors="0" timestamp="18 Feb 2024 09:38:09 GMT">
  <testcase classname="data_driven_testing.HerokuTesting_Dynamic_data" name="login_test" time="0.186"/>
  <testcase classname="data_driven_testing.HerokuTesting_Dynamic_data" name="login_test" time="0.217"/>
  <testcase classname="data_driven_testing.HerokuTesting_Dynamic_data" name="login_test" time="0.216"/>
  <testcase classname="data_driven_testing.HerokuTesting_Dynamic_data" name="login_test" time="0.209"/>
  <testcase classname="data_driven_testing.HerokuTesting_Dynamic_data" name="login_test" time="0.210"/>
  <testcase classname="data_driven_testing.HerokuTesting_Dynamic_data" name="login_test" time="0.219"/>
  <testcase classname="data_driven_testing.HerokuTesting_Dynamic_data" name="login_test" time="0.177"/>
  <testcase classname="data_driven_testing.HerokuTesting_Dynamic_data" name="login_test" time="0.209"/>
  <testcase classname="data_driven_testing.HerokuTesting_Dynamic_data" name="login_test" time="0.220"/>
</testsuite> <!-- data_driven_testing.HerokuTesting_Dynamic_data -->
