<?xml version="1.0" encoding="UTF-8"?>
<!-- Generated by org.testng.reporters.JUnitReportReporter -->
<testsuite hostname="LAPTOP-T0DND7TF" failures="0" tests="2" name="first_testng.Drag_And_Drop_Action" time="13.068" errors="0" timestamp="13 Feb 2024 07:55:25 GMT">
  <testcase classname="first_testng.Drag_And_Drop_Action" name="testDragAndDrop2" time="5.906"/>
  <testcase classname="first_testng.Drag_And_Drop_Action" name="testDragAndDrop1" time="7.162"/>
</testsuite> <!-- first_testng.Drag_And_Drop_Action -->
