<?xml version="1.0" encoding="UTF-8"?>
<!-- Generated by org.testng.reporters.JUnitReportReporter -->
<testsuite hostname="LAPTOP-T0DND7TF" failures="0" tests="3" name="testng_features.ParalleltestingTest" time="35.875" errors="0" timestamp="18 Feb 2024 10:28:26 GMT">
  <testcase classname="testng_features.ParalleltestingTest" name="testFirefox" time="14.141"/>
  <testcase classname="testng_features.ParalleltestingTest" name="edge_browser" time="14.865"/>
  <testcase classname="testng_features.ParalleltestingTest" name="testChrome" time="6.869"/>
</testsuite> <!-- testng_features.ParalleltestingTest -->
