<?xml version="1.0" encoding="UTF-8"?>
<!-- Generated by org.testng.reporters.JUnitReportReporter -->
<testsuite hostname="LAPTOP-T0DND7TF" failures="0" tests="1" name="testng_features.Window_Handle" time="13.462" errors="0" timestamp="18 Feb 2024 11:11:43 GMT">
  <testcase classname="testng_features.Window_Handle" name="rahultest" time="13.462"/>
</testsuite> <!-- testng_features.Window_Handle -->
